[2018-08-18 11:35:48.540] [exthost1] [info] extension host started
[2018-08-18 11:35:48.575] [exthost1] [info] ExtensionService#_doActivateExtension vscode.debug-auto-launch {"startup":true,"activationEvent":"*"}
[2018-08-18 11:35:48.575] [exthost1] [info] ExtensionService#loadCommonJSModule /snap/vscode/50/usr/share/code/resources/app/extensions/debug-auto-launch/out/extension
[2018-08-18 11:35:48.585] [exthost1] [info] ExtensionService#_doActivateExtension vscode.emmet {"startup":true,"activationEvent":"*"}
[2018-08-18 11:35:48.586] [exthost1] [info] ExtensionService#loadCommonJSModule /snap/vscode/50/usr/share/code/resources/app/extensions/emmet/out/extension
[2018-08-18 11:35:48.690] [exthost1] [info] ExtensionService#_doActivateExtension vscode.git {"startup":true,"activationEvent":"*"}
[2018-08-18 11:35:48.690] [exthost1] [info] ExtensionService#loadCommonJSModule /snap/vscode/50/usr/share/code/resources/app/extensions/git/out/main
[2018-08-18 11:35:48.881] [exthost1] [info] ExtensionService#_doActivateExtension vscode.merge-conflict {"startup":true,"activationEvent":"*"}
[2018-08-18 11:35:48.881] [exthost1] [info] ExtensionService#loadCommonJSModule /snap/vscode/50/usr/share/code/resources/app/extensions/merge-conflict/out/extension
[2018-08-18 11:35:48.893] [exthost1] [info] ExtensionService#_doActivateExtension vscode.search-rg {"startup":true,"activationEvent":"*"}
[2018-08-18 11:35:48.893] [exthost1] [info] ExtensionService#loadCommonJSModule /snap/vscode/50/usr/share/code/resources/app/extensions/search-rg/out/extension
[2018-08-18 11:35:48.900] [exthost1] [info] ExtensionService#_doActivateExtension 2gua.rainbow-brackets {"startup":true,"activationEvent":"*"}
[2018-08-18 11:35:48.900] [exthost1] [info] ExtensionService#loadCommonJSModule /home/odin/.vscode/extensions/2gua.rainbow-brackets-0.0.6/out/src/extension
[2018-08-18 11:35:48.912] [exthost1] [info] ExtensionService#_doActivateExtension codingyu.laravel-goto-view {"startup":true,"activationEvent":"*"}
[2018-08-18 11:35:48.912] [exthost1] [info] ExtensionService#loadCommonJSModule /home/odin/.vscode/extensions/codingyu.laravel-goto-view-1.2.1/out/src/extension
[2018-08-18 11:35:48.929] [exthost1] [info] ExtensionService#_doActivateExtension CoenraadS.bracket-pair-colorizer {"startup":true,"activationEvent":"*"}
[2018-08-18 11:35:48.929] [exthost1] [info] ExtensionService#loadCommonJSModule /home/odin/.vscode/extensions/coenraads.bracket-pair-colorizer-1.0.59/out/src/extension
[2018-08-18 11:35:49.053] [exthost1] [info] ExtensionService#_doActivateExtension HookyQR.beautify {"startup":true,"activationEvent":"*"}
[2018-08-18 11:35:49.053] [exthost1] [info] ExtensionService#loadCommonJSModule /home/odin/.vscode/extensions/hookyqr.beautify-1.3.2/extension
[2018-08-18 11:35:49.185] [exthost1] [info] ExtensionService#_doActivateExtension oderwat.indent-rainbow {"startup":true,"activationEvent":"*"}
[2018-08-18 11:35:49.185] [exthost1] [info] ExtensionService#loadCommonJSModule /home/odin/.vscode/extensions/oderwat.indent-rainbow-7.2.2/out/extension
[2018-08-18 11:35:49.198] [exthost1] [info] ExtensionService#_doActivateExtension robertohuertasm.vscode-icons {"startup":true,"activationEvent":"*"}
[2018-08-18 11:35:49.199] [exthost1] [info] ExtensionService#loadCommonJSModule /home/odin/.vscode/extensions/robertohuertasm.vscode-icons-7.25.0/out/src/
[2018-08-18 11:35:49.376] [exthost1] [info] ExtensionService#_doActivateExtension stef-k.laravel-goto-controller {"startup":true,"activationEvent":"*"}
[2018-08-18 11:35:49.376] [exthost1] [info] ExtensionService#loadCommonJSModule /home/odin/.vscode/extensions/stef-k.laravel-goto-controller-0.0.4/out/extension
[2018-08-18 11:35:49.432] [exthost1] [info] eager extensions activated
